<?xml version="1.0" encoding="UTF-8"?>
<!-- Generated by org.testng.reporters.JUnitXMLReporter -->
<testsuite ignored="0" hostname="DESKTOP-S3Q7NR0" failures="1" tests="3" name="Test" time="48.171" errors="0" timestamp="2022-08-01T15:59:59 IST">
  <testcase classname="test.OrangeHRM" name="loginpage" time="0.363"/>
  <testcase classname="test.OrangeHRM" name="logintest" time="5.501">
    <failure type="java.lang.AssertionError" message="expected [OrangeHRM1] but found [OrangeHRM]">
      <![CDATA[java.lang.AssertionError: expected [OrangeHRM1] but found [OrangeHRM]
at test.OrangeHRM.logintest(OrangeHRM.java:26)
at java.base/java.util.ArrayList.forEach(ArrayList.java:1541)
... Removed 33 stack frames]]>
    </failure>
  </testcase> <!-- logintest -->
  <testcase classname="test.OrangeHRM" name="sampleCase" time="0.0"/>
</testsuite> <!-- Test -->
